ldap_url_parse_ext(ldaps://ldap.edt.org)
ldap_initialize( ldaps://ldap.edt.org:636/??base )
ldap_create
ldap_url_parse_ext(ldaps://ldap.edt.org:636/??base)
ldap_sasl_bind
ldap_send_initial_request
ldap_new_connection 1 1 0
ldap_int_open_connection
ldap_connect_to_host: TCP ldap.edt.org:636
ldap_new_socket: 3
ldap_prepare_socket: 3
ldap_connect_to_host: Trying 172.17.0.2:636
ldap_pvt_connect: fd: 3 tm: -1 async: 0
attempting to connect: 
connect success
TLS: loaded CA certificate file /var/tmp/m11/tls18/tls18:ldaps/cacert.pem.
TLS: certificate [E=ldap@edt.org,CN=ldap.edt.org,OU=informatica,O=edt,L=barcelona,ST=barcelona,C=ca] is valid
TLS certificate verification: subject: E=ldap@edt.org,CN=ldap.edt.org,OU=informatica,O=edt,L=barcelona,ST=barcelona,C=ca, issuer: E=veritat@edt.org,CN=VeritatAbsoluta,OU=informatica,O=edt,L=barcelona,ST=barcelona,C=ca, cipher: AES-128-GCM, security level: high, secret key bits: 128, total key bits: 128, cache hits: 0, cache misses: 0, cache not reusable: 0
ldap_open_defconn: successful
ldap_send_server_request
ber_scanf fmt ({it) ber:
ber_scanf fmt ({i) ber:
ber_flush2: 14 bytes to sd 3
ldap_result ld 0x5560830f4f60 msgid 1
wait4msg ld 0x5560830f4f60 msgid 1 (infinite timeout)
wait4msg continue ld 0x5560830f4f60 msgid 1 all 1
** ld 0x5560830f4f60 Connections:
* host: ldap.edt.org  port: 636  (default)
  refcnt: 2  status: Connected
  last used: Wed Mar 27 10:45:45 2019


** ld 0x5560830f4f60 Outstanding Requests:
 * msgid 1,  origid 1, status InProgress
   outstanding referrals 0, parent count 0
  ld 0x5560830f4f60 request count 1 (abandoned 0)
** ld 0x5560830f4f60 Response Queue:
   Empty
  ld 0x5560830f4f60 response count 0
ldap_chkResponseList ld 0x5560830f4f60 msgid 1 all 1
ldap_chkResponseList returns ld 0x5560830f4f60 NULL
ldap_int_select
read1msg: ld 0x5560830f4f60 msgid 1 all 1
ber_get_next
ber_get_next: tag 0x30 len 12 contents:
read1msg: ld 0x5560830f4f60 msgid 1 message type bind
ber_scanf fmt ({eAA) ber:
read1msg: ld 0x5560830f4f60 0 new referrals
read1msg:  mark request completed, ld 0x5560830f4f60 msgid 1
request done: ld 0x5560830f4f60 msgid 1
res_errno: 0, res_error: <>, res_matched: <>
ldap_free_request (origid 1, msgid 1)
ldap_parse_result
ber_scanf fmt ({iAA) ber:
ber_scanf fmt (}) ber:
ldap_msgfree
filter: (objectclass=*)
requesting: dn 
ldap_search_ext
put_filter: "(objectclass=*)"
put_filter: simple
put_simple_filter: "objectclass=*"
ldap_send_initial_request
ldap_send_server_request
ber_scanf fmt ({it) ber:
ber_scanf fmt ({) ber:
ber_flush2: 56 bytes to sd 3
ldap_result ld 0x5560830f4f60 msgid -1
wait4msg ld 0x5560830f4f60 msgid -1 (infinite timeout)
wait4msg continue ld 0x5560830f4f60 msgid -1 all 0
** ld 0x5560830f4f60 Connections:
* host: ldap.edt.org  port: 636  (default)
  refcnt: 2  status: Connected
  last used: Wed Mar 27 10:45:45 2019


** ld 0x5560830f4f60 Outstanding Requests:
 * msgid 2,  origid 2, status InProgress
   outstanding referrals 0, parent count 0
  ld 0x5560830f4f60 request count 1 (abandoned 0)
** ld 0x5560830f4f60 Response Queue:
   Empty
  ld 0x5560830f4f60 response count 0
ldap_chkResponseList ld 0x5560830f4f60 msgid -1 all 0
ldap_chkResponseList returns ld 0x5560830f4f60 NULL
ldap_int_select
read1msg: ld 0x5560830f4f60 msgid -1 all 0
ber_get_next
ber_get_next: tag 0x30 len 22 contents:
read1msg: ld 0x5560830f4f60 msgid 2 message type search-entry
ldap_get_dn_ber
ber_scanf fmt ({ml{) ber:
ber_scanf fmt ({xx) ber:
ldap_get_attribute_ber
ldap_msgfree
ldap_result ld 0x5560830f4f60 msgid -1
wait4msg ld 0x5560830f4f60 msgid -1 (infinite timeout)
wait4msg continue ld 0x5560830f4f60 msgid -1 all 0
** ld 0x5560830f4f60 Connections:
* host: ldap.edt.org  port: 636  (default)
  refcnt: 2  status: Connected
  last used: Wed Mar 27 10:45:45 2019


** ld 0x5560830f4f60 Outstanding Requests:
 * msgid 2,  origid 2, status InProgress
   outstanding referrals 0, parent count 0
  ld 0x5560830f4f60 request count 1 (abandoned 0)
** ld 0x5560830f4f60 Response Queue:
   Empty
  ld 0x5560830f4f60 response count 0
ldap_chkResponseList ld 0x5560830f4f60 msgid -1 all 0
ldap_chkResponseList returns ld 0x5560830f4f60 NULL
ldap_int_select
read1msg: ld 0x5560830f4f60 msgid -1 all 0
ber_get_next
ber_get_next: tag 0x30 len 34 contents:
read1msg: ld 0x5560830f4f60 msgid 2 message type search-entry
ldap_get_dn_ber
ber_scanf fmt ({ml{) ber:
ber_scanf fmt ({xx) ber:
ldap_get_attribute_ber
ldap_msgfree
ldap_result ld 0x5560830f4f60 msgid -1
wait4msg ld 0x5560830f4f60 msgid -1 (infinite timeout)
wait4msg continue ld 0x5560830f4f60 msgid -1 all 0
** ld 0x5560830f4f60 Connections:
* host: ldap.edt.org  port: 636  (default)
  refcnt: 2  status: Connected
  last used: Wed Mar 27 10:45:45 2019


** ld 0x5560830f4f60 Outstanding Requests:
 * msgid 2,  origid 2, status InProgress
   outstanding referrals 0, parent count 0
  ld 0x5560830f4f60 request count 1 (abandoned 0)
** ld 0x5560830f4f60 Response Queue:
   Empty
  ld 0x5560830f4f60 response count 0
ldap_chkResponseList ld 0x5560830f4f60 msgid -1 all 0
ldap_chkResponseList returns ld 0x5560830f4f60 NULL
ldap_int_select
read1msg: ld 0x5560830f4f60 msgid -1 all 0
ber_get_next
ber_get_next: tag 0x30 len 33 contents:
read1msg: ld 0x5560830f4f60 msgid 2 message type search-entry
ldap_get_dn_ber
ber_scanf fmt ({ml{) ber:
ber_scanf fmt ({xx) ber:
ldap_get_attribute_ber
ldap_msgfree
ldap_result ld 0x5560830f4f60 msgid -1
wait4msg ld 0x5560830f4f60 msgid -1 (infinite timeout)
wait4msg continue ld 0x5560830f4f60 msgid -1 all 0
** ld 0x5560830f4f60 Connections:
* host: ldap.edt.org  port: 636  (default)
  refcnt: 2  status: Connected
  last used: Wed Mar 27 10:45:45 2019


** ld 0x5560830f4f60 Outstanding Requests:
 * msgid 2,  origid 2, status InProgress
   outstanding referrals 0, parent count 0
  ld 0x5560830f4f60 request count 1 (abandoned 0)
** ld 0x5560830f4f60 Response Queue:
   Empty
  ld 0x5560830f4f60 response count 0
ldap_chkResponseList ld 0x5560830f4f60 msgid -1 all 0
ldap_chkResponseList returns ld 0x5560830f4f60 NULL
ldap_int_select
read1msg: ld 0x5560830f4f60 msgid -1 all 0
ber_get_next
ber_get_next: tag 0x30 len 35 contents:
read1msg: ld 0x5560830f4f60 msgid 2 message type search-entry
ldap_get_dn_ber
ber_scanf fmt ({ml{) ber:
ber_scanf fmt ({xx) ber:
ldap_get_attribute_ber
ldap_msgfree
ldap_result ld 0x5560830f4f60 msgid -1
wait4msg ld 0x5560830f4f60 msgid -1 (infinite timeout)
wait4msg continue ld 0x5560830f4f60 msgid -1 all 0
** ld 0x5560830f4f60 Connections:
* host: ldap.edt.org  port: 636  (default)
  refcnt: 2  status: Connected
  last used: Wed Mar 27 10:45:45 2019


** ld 0x5560830f4f60 Outstanding Requests:
 * msgid 2,  origid 2, status InProgress
   outstanding referrals 0, parent count 0
  ld 0x5560830f4f60 request count 1 (abandoned 0)
** ld 0x5560830f4f60 Response Queue:
   Empty
  ld 0x5560830f4f60 response count 0
ldap_chkResponseList ld 0x5560830f4f60 msgid -1 all 0
ldap_chkResponseList returns ld 0x5560830f4f60 NULL
ldap_int_select
read1msg: ld 0x5560830f4f60 msgid -1 all 0
ber_get_next
ber_get_next: tag 0x30 len 33 contents:
read1msg: ld 0x5560830f4f60 msgid 2 message type search-entry
ldap_get_dn_ber
ber_scanf fmt ({ml{) ber:
ber_scanf fmt ({xx) ber:
ldap_get_attribute_ber
ldap_msgfree
ldap_result ld 0x5560830f4f60 msgid -1
wait4msg ld 0x5560830f4f60 msgid -1 (infinite timeout)
wait4msg continue ld 0x5560830f4f60 msgid -1 all 0
** ld 0x5560830f4f60 Connections:
* host: ldap.edt.org  port: 636  (default)
  refcnt: 2  status: Connected
  last used: Wed Mar 27 10:45:45 2019


** ld 0x5560830f4f60 Outstanding Requests:
 * msgid 2,  origid 2, status InProgress
   outstanding referrals 0, parent count 0
  ld 0x5560830f4f60 request count 1 (abandoned 0)
** ld 0x5560830f4f60 Response Queue:
   Empty
  ld 0x5560830f4f60 response count 0
ldap_chkResponseList ld 0x5560830f4f60 msgid -1 all 0
ldap_chkResponseList returns ld 0x5560830f4f60 NULL
ldap_int_select
read1msg: ld 0x5560830f4f60 msgid -1 all 0
ber_get_next
ber_get_next: tag 0x30 len 31 contents:
read1msg: ld 0x5560830f4f60 msgid 2 message type search-entry
ldap_get_dn_ber
ber_scanf fmt ({ml{) ber:
ber_scanf fmt ({xx) ber:
ldap_get_attribute_ber
ldap_msgfree
ldap_result ld 0x5560830f4f60 msgid -1
wait4msg ld 0x5560830f4f60 msgid -1 (infinite timeout)
wait4msg continue ld 0x5560830f4f60 msgid -1 all 0
** ld 0x5560830f4f60 Connections:
* host: ldap.edt.org  port: 636  (default)
  refcnt: 2  status: Connected
  last used: Wed Mar 27 10:45:45 2019


** ld 0x5560830f4f60 Outstanding Requests:
 * msgid 2,  origid 2, status InProgress
   outstanding referrals 0, parent count 0
  ld 0x5560830f4f60 request count 1 (abandoned 0)
** ld 0x5560830f4f60 Response Queue:
   Empty
  ld 0x5560830f4f60 response count 0
ldap_chkResponseList ld 0x5560830f4f60 msgid -1 all 0
ldap_chkResponseList returns ld 0x5560830f4f60 NULL
ldap_int_select
read1msg: ld 0x5560830f4f60 msgid -1 all 0
ber_get_next
ber_get_next: tag 0x30 len 30 contents:
read1msg: ld 0x5560830f4f60 msgid 2 message type search-entry
ldap_get_dn_ber
ber_scanf fmt ({ml{) ber:
ber_scanf fmt ({xx) ber:
ldap_get_attribute_ber
ldap_msgfree
ldap_result ld 0x5560830f4f60 msgid -1
wait4msg ld 0x5560830f4f60 msgid -1 (infinite timeout)
wait4msg continue ld 0x5560830f4f60 msgid -1 all 0
** ld 0x5560830f4f60 Connections:
* host: ldap.edt.org  port: 636  (default)
  refcnt: 2  status: Connected
  last used: Wed Mar 27 10:45:45 2019


** ld 0x5560830f4f60 Outstanding Requests:
 * msgid 2,  origid 2, status InProgress
   outstanding referrals 0, parent count 0
  ld 0x5560830f4f60 request count 1 (abandoned 0)
** ld 0x5560830f4f60 Response Queue:
   Empty
  ld 0x5560830f4f60 response count 0
ldap_chkResponseList ld 0x5560830f4f60 msgid -1 all 0
ldap_chkResponseList returns ld 0x5560830f4f60 NULL
ldap_int_select
read1msg: ld 0x5560830f4f60 msgid -1 all 0
ber_get_next
ber_get_next: tag 0x30 len 31 contents:
read1msg: ld 0x5560830f4f60 msgid 2 message type search-entry
ldap_get_dn_ber
ber_scanf fmt ({ml{) ber:
ber_scanf fmt ({xx) ber:
ldap_get_attribute_ber
ldap_msgfree
ldap_result ld 0x5560830f4f60 msgid -1
wait4msg ld 0x5560830f4f60 msgid -1 (infinite timeout)
wait4msg continue ld 0x5560830f4f60 msgid -1 all 0
** ld 0x5560830f4f60 Connections:
* host: ldap.edt.org  port: 636  (default)
  refcnt: 2  status: Connected
  last used: Wed Mar 27 10:45:45 2019


** ld 0x5560830f4f60 Outstanding Requests:
 * msgid 2,  origid 2, status InProgress
   outstanding referrals 0, parent count 0
  ld 0x5560830f4f60 request count 1 (abandoned 0)
** ld 0x5560830f4f60 Response Queue:
   Empty
  ld 0x5560830f4f60 response count 0
ldap_chkResponseList ld 0x5560830f4f60 msgid -1 all 0
ldap_chkResponseList returns ld 0x5560830f4f60 NULL
ldap_int_select
read1msg: ld 0x5560830f4f60 msgid -1 all 0
ber_get_next
ber_get_next: tag 0x30 len 33 contents:
read1msg: ld 0x5560830f4f60 msgid 2 message type search-entry
ldap_get_dn_ber
ber_scanf fmt ({ml{) ber:
ber_scanf fmt ({xx) ber:
ldap_get_attribute_ber
ldap_msgfree
ldap_result ld 0x5560830f4f60 msgid -1
wait4msg ld 0x5560830f4f60 msgid -1 (infinite timeout)
wait4msg continue ld 0x5560830f4f60 msgid -1 all 0
** ld 0x5560830f4f60 Connections:
* host: ldap.edt.org  port: 636  (default)
  refcnt: 2  status: Connected
  last used: Wed Mar 27 10:45:45 2019


** ld 0x5560830f4f60 Outstanding Requests:
 * msgid 2,  origid 2, status InProgress
   outstanding referrals 0, parent count 0
  ld 0x5560830f4f60 request count 1 (abandoned 0)
** ld 0x5560830f4f60 Response Queue:
   Empty
  ld 0x5560830f4f60 response count 0
ldap_chkResponseList ld 0x5560830f4f60 msgid -1 all 0
ldap_chkResponseList returns ld 0x5560830f4f60 NULL
ldap_int_select
read1msg: ld 0x5560830f4f60 msgid -1 all 0
ber_get_next
ber_get_next: tag 0x30 len 40 contents:
read1msg: ld 0x5560830f4f60 msgid 2 message type search-entry
ldap_get_dn_ber
ber_scanf fmt ({ml{) ber:
ber_scanf fmt ({xx) ber:
ldap_get_attribute_ber
ldap_msgfree
ldap_result ld 0x5560830f4f60 msgid -1
wait4msg ld 0x5560830f4f60 msgid -1 (infinite timeout)
wait4msg continue ld 0x5560830f4f60 msgid -1 all 0
** ld 0x5560830f4f60 Connections:
* host: ldap.edt.org  port: 636  (default)
  refcnt: 2  status: Connected
  last used: Wed Mar 27 10:45:45 2019


** ld 0x5560830f4f60 Outstanding Requests:
 * msgid 2,  origid 2, status InProgress
   outstanding referrals 0, parent count 0
  ld 0x5560830f4f60 request count 1 (abandoned 0)
** ld 0x5560830f4f60 Response Queue:
   Empty
  ld 0x5560830f4f60 response count 0
ldap_chkResponseList ld 0x5560830f4f60 msgid -1 all 0
ldap_chkResponseList returns ld 0x5560830f4f60 NULL
ldap_int_select
read1msg: ld 0x5560830f4f60 msgid -1 all 0
ber_get_next
ber_get_next: tag 0x30 len 42 contents:
read1msg: ld 0x5560830f4f60 msgid 2 message type search-entry
ldap_get_dn_ber
ber_scanf fmt ({ml{) ber:
ber_scanf fmt ({xx) ber:
ldap_get_attribute_ber
ldap_msgfree
ldap_result ld 0x5560830f4f60 msgid -1
wait4msg ld 0x5560830f4f60 msgid -1 (infinite timeout)
wait4msg continue ld 0x5560830f4f60 msgid -1 all 0
** ld 0x5560830f4f60 Connections:
* host: ldap.edt.org  port: 636  (default)
  refcnt: 2  status: Connected
  last used: Wed Mar 27 10:45:45 2019


** ld 0x5560830f4f60 Outstanding Requests:
 * msgid 2,  origid 2, status InProgress
   outstanding referrals 0, parent count 0
  ld 0x5560830f4f60 request count 1 (abandoned 0)
** ld 0x5560830f4f60 Response Queue:
   Empty
  ld 0x5560830f4f60 response count 0
ldap_chkResponseList ld 0x5560830f4f60 msgid -1 all 0
ldap_chkResponseList returns ld 0x5560830f4f60 NULL
ldap_int_select
read1msg: ld 0x5560830f4f60 msgid -1 all 0
ber_get_next
ber_get_next: tag 0x30 len 42 contents:
read1msg: ld 0x5560830f4f60 msgid 2 message type search-entry
ldap_get_dn_ber
ber_scanf fmt ({ml{) ber:
ber_scanf fmt ({xx) ber:
ldap_get_attribute_ber
ldap_msgfree
ldap_result ld 0x5560830f4f60 msgid -1
wait4msg ld 0x5560830f4f60 msgid -1 (infinite timeout)
wait4msg continue ld 0x5560830f4f60 msgid -1 all 0
** ld 0x5560830f4f60 Connections:
* host: ldap.edt.org  port: 636  (default)
  refcnt: 2  status: Connected
  last used: Wed Mar 27 10:45:45 2019


** ld 0x5560830f4f60 Outstanding Requests:
 * msgid 2,  origid 2, status InProgress
   outstanding referrals 0, parent count 0
  ld 0x5560830f4f60 request count 1 (abandoned 0)
** ld 0x5560830f4f60 Response Queue:
   Empty
  ld 0x5560830f4f60 response count 0
ldap_chkResponseList ld 0x5560830f4f60 msgid -1 all 0
ldap_chkResponseList returns ld 0x5560830f4f60 NULL
ldap_int_select
read1msg: ld 0x5560830f4f60 msgid -1 all 0
ber_get_next
ber_get_next: tag 0x30 len 47 contents:
read1msg: ld 0x5560830f4f60 msgid 2 message type search-entry
ldap_get_dn_ber
ber_scanf fmt ({ml{) ber:
ber_scanf fmt ({xx) ber:
ldap_get_attribute_ber
ldap_msgfree
ldap_result ld 0x5560830f4f60 msgid -1
wait4msg ld 0x5560830f4f60 msgid -1 (infinite timeout)
wait4msg continue ld 0x5560830f4f60 msgid -1 all 0
** ld 0x5560830f4f60 Connections:
* host: ldap.edt.org  port: 636  (default)
  refcnt: 2  status: Connected
  last used: Wed Mar 27 10:45:45 2019


** ld 0x5560830f4f60 Outstanding Requests:
 * msgid 2,  origid 2, status InProgress
   outstanding referrals 0, parent count 0
  ld 0x5560830f4f60 request count 1 (abandoned 0)
** ld 0x5560830f4f60 Response Queue:
   Empty
  ld 0x5560830f4f60 response count 0
ldap_chkResponseList ld 0x5560830f4f60 msgid -1 all 0
ldap_chkResponseList returns ld 0x5560830f4f60 NULL
ldap_int_select
read1msg: ld 0x5560830f4f60 msgid -1 all 0
ber_get_next
ber_get_next: tag 0x30 len 50 contents:
read1msg: ld 0x5560830f4f60 msgid 2 message type search-entry
ldap_get_dn_ber
ber_scanf fmt ({ml{) ber:
ber_scanf fmt ({xx) ber:
ldap_get_attribute_ber
ldap_msgfree
ldap_result ld 0x5560830f4f60 msgid -1
wait4msg ld 0x5560830f4f60 msgid -1 (infinite timeout)
wait4msg continue ld 0x5560830f4f60 msgid -1 all 0
** ld 0x5560830f4f60 Connections:
* host: ldap.edt.org  port: 636  (default)
  refcnt: 2  status: Connected
  last used: Wed Mar 27 10:45:45 2019


** ld 0x5560830f4f60 Outstanding Requests:
 * msgid 2,  origid 2, status InProgress
   outstanding referrals 0, parent count 0
  ld 0x5560830f4f60 request count 1 (abandoned 0)
** ld 0x5560830f4f60 Response Queue:
   Empty
  ld 0x5560830f4f60 response count 0
ldap_chkResponseList ld 0x5560830f4f60 msgid -1 all 0
ldap_chkResponseList returns ld 0x5560830f4f60 NULL
ldap_int_select
read1msg: ld 0x5560830f4f60 msgid -1 all 0
ber_get_next
ber_get_next: tag 0x30 len 41 contents:
read1msg: ld 0x5560830f4f60 msgid 2 message type search-entry
ldap_get_dn_ber
ber_scanf fmt ({ml{) ber:
ber_scanf fmt ({xx) ber:
ldap_get_attribute_ber
ldap_msgfree
ldap_result ld 0x5560830f4f60 msgid -1
wait4msg ld 0x5560830f4f60 msgid -1 (infinite timeout)
wait4msg continue ld 0x5560830f4f60 msgid -1 all 0
** ld 0x5560830f4f60 Connections:
* host: ldap.edt.org  port: 636  (default)
  refcnt: 2  status: Connected
  last used: Wed Mar 27 10:45:45 2019


** ld 0x5560830f4f60 Outstanding Requests:
 * msgid 2,  origid 2, status InProgress
   outstanding referrals 0, parent count 0
  ld 0x5560830f4f60 request count 1 (abandoned 0)
** ld 0x5560830f4f60 Response Queue:
   Empty
  ld 0x5560830f4f60 response count 0
ldap_chkResponseList ld 0x5560830f4f60 msgid -1 all 0
ldap_chkResponseList returns ld 0x5560830f4f60 NULL
ldap_int_select
read1msg: ld 0x5560830f4f60 msgid -1 all 0
ber_get_next
ber_get_next: tag 0x30 len 42 contents:
read1msg: ld 0x5560830f4f60 msgid 2 message type search-entry
ldap_get_dn_ber
ber_scanf fmt ({ml{) ber:
ber_scanf fmt ({xx) ber:
ldap_get_attribute_ber
ldap_msgfree
ldap_result ld 0x5560830f4f60 msgid -1
wait4msg ld 0x5560830f4f60 msgid -1 (infinite timeout)
wait4msg continue ld 0x5560830f4f60 msgid -1 all 0
** ld 0x5560830f4f60 Connections:
* host: ldap.edt.org  port: 636  (default)
  refcnt: 2  status: Connected
  last used: Wed Mar 27 10:45:45 2019


** ld 0x5560830f4f60 Outstanding Requests:
 * msgid 2,  origid 2, status InProgress
   outstanding referrals 0, parent count 0
  ld 0x5560830f4f60 request count 1 (abandoned 0)
** ld 0x5560830f4f60 Response Queue:
   Empty
  ld 0x5560830f4f60 response count 0
ldap_chkResponseList ld 0x5560830f4f60 msgid -1 all 0
ldap_chkResponseList returns ld 0x5560830f4f60 NULL
ldap_int_select
read1msg: ld 0x5560830f4f60 msgid -1 all 0
ber_get_next
ber_get_next: tag 0x30 len 42 contents:
read1msg: ld 0x5560830f4f60 msgid 2 message type search-entry
ldap_get_dn_ber
ber_scanf fmt ({ml{) ber:
ber_scanf fmt ({xx) ber:
ldap_get_attribute_ber
ldap_msgfree
ldap_result ld 0x5560830f4f60 msgid -1
wait4msg ld 0x5560830f4f60 msgid -1 (infinite timeout)
wait4msg continue ld 0x5560830f4f60 msgid -1 all 0
** ld 0x5560830f4f60 Connections:
* host: ldap.edt.org  port: 636  (default)
  refcnt: 2  status: Connected
  last used: Wed Mar 27 10:45:45 2019


** ld 0x5560830f4f60 Outstanding Requests:
 * msgid 2,  origid 2, status InProgress
   outstanding referrals 0, parent count 0
  ld 0x5560830f4f60 request count 1 (abandoned 0)
** ld 0x5560830f4f60 Response Queue:
   Empty
  ld 0x5560830f4f60 response count 0
ldap_chkResponseList ld 0x5560830f4f60 msgid -1 all 0
ldap_chkResponseList returns ld 0x5560830f4f60 NULL
ldap_int_select
read1msg: ld 0x5560830f4f60 msgid -1 all 0
ber_get_next
ber_get_next: tag 0x30 len 43 contents:
read1msg: ld 0x5560830f4f60 msgid 2 message type search-entry
ldap_get_dn_ber
ber_scanf fmt ({ml{) ber:
ber_scanf fmt ({xx) ber:
ldap_get_attribute_ber
ldap_msgfree
ldap_result ld 0x5560830f4f60 msgid -1
wait4msg ld 0x5560830f4f60 msgid -1 (infinite timeout)
wait4msg continue ld 0x5560830f4f60 msgid -1 all 0
** ld 0x5560830f4f60 Connections:
* host: ldap.edt.org  port: 636  (default)
  refcnt: 2  status: Connected
  last used: Wed Mar 27 10:45:45 2019


** ld 0x5560830f4f60 Outstanding Requests:
 * msgid 2,  origid 2, status InProgress
   outstanding referrals 0, parent count 0
  ld 0x5560830f4f60 request count 1 (abandoned 0)
** ld 0x5560830f4f60 Response Queue:
   Empty
  ld 0x5560830f4f60 response count 0
ldap_chkResponseList ld 0x5560830f4f60 msgid -1 all 0
ldap_chkResponseList returns ld 0x5560830f4f60 NULL
ldap_int_select
read1msg: ld 0x5560830f4f60 msgid -1 all 0
ber_get_next
ber_get_next: tag 0x30 len 43 contents:
read1msg: ld 0x5560830f4f60 msgid 2 message type search-entry
ldap_get_dn_ber
ber_scanf fmt ({ml{) ber:
ber_scanf fmt ({xx) ber:
ldap_get_attribute_ber
ldap_msgfree
ldap_result ld 0x5560830f4f60 msgid -1
wait4msg ld 0x5560830f4f60 msgid -1 (infinite timeout)
wait4msg continue ld 0x5560830f4f60 msgid -1 all 0
** ld 0x5560830f4f60 Connections:
* host: ldap.edt.org  port: 636  (default)
  refcnt: 2  status: Connected
  last used: Wed Mar 27 10:45:45 2019


** ld 0x5560830f4f60 Outstanding Requests:
 * msgid 2,  origid 2, status InProgress
   outstanding referrals 0, parent count 0
  ld 0x5560830f4f60 request count 1 (abandoned 0)
** ld 0x5560830f4f60 Response Queue:
   Empty
  ld 0x5560830f4f60 response count 0
ldap_chkResponseList ld 0x5560830f4f60 msgid -1 all 0
ldap_chkResponseList returns ld 0x5560830f4f60 NULL
ldap_int_select
read1msg: ld 0x5560830f4f60 msgid -1 all 0
ber_get_next
ber_get_next: tag 0x30 len 43 contents:
read1msg: ld 0x5560830f4f60 msgid 2 message type search-entry
ldap_get_dn_ber
ber_scanf fmt ({ml{) ber:
ber_scanf fmt ({xx) ber:
ldap_get_attribute_ber
ldap_msgfree
ldap_result ld 0x5560830f4f60 msgid -1
wait4msg ld 0x5560830f4f60 msgid -1 (infinite timeout)
wait4msg continue ld 0x5560830f4f60 msgid -1 all 0
** ld 0x5560830f4f60 Connections:
* host: ldap.edt.org  port: 636  (default)
  refcnt: 2  status: Connected
  last used: Wed Mar 27 10:45:45 2019


** ld 0x5560830f4f60 Outstanding Requests:
 * msgid 2,  origid 2, status InProgress
   outstanding referrals 0, parent count 0
  ld 0x5560830f4f60 request count 1 (abandoned 0)
** ld 0x5560830f4f60 Response Queue:
   Empty
  ld 0x5560830f4f60 response count 0
ldap_chkResponseList ld 0x5560830f4f60 msgid -1 all 0
ldap_chkResponseList returns ld 0x5560830f4f60 NULL
ldap_int_select
read1msg: ld 0x5560830f4f60 msgid -1 all 0
ber_get_next
ber_get_next: tag 0x30 len 44 contents:
read1msg: ld 0x5560830f4f60 msgid 2 message type search-entry
ldap_get_dn_ber
ber_scanf fmt ({ml{) ber:
ber_scanf fmt ({xx) ber:
ldap_get_attribute_ber
ldap_msgfree
ldap_result ld 0x5560830f4f60 msgid -1
wait4msg ld 0x5560830f4f60 msgid -1 (infinite timeout)
wait4msg continue ld 0x5560830f4f60 msgid -1 all 0
** ld 0x5560830f4f60 Connections:
* host: ldap.edt.org  port: 636  (default)
  refcnt: 2  status: Connected
  last used: Wed Mar 27 10:45:45 2019


** ld 0x5560830f4f60 Outstanding Requests:
 * msgid 2,  origid 2, status InProgress
   outstanding referrals 0, parent count 0
  ld 0x5560830f4f60 request count 1 (abandoned 0)
** ld 0x5560830f4f60 Response Queue:
   Empty
  ld 0x5560830f4f60 response count 0
ldap_chkResponseList ld 0x5560830f4f60 msgid -1 all 0
ldap_chkResponseList returns ld 0x5560830f4f60 NULL
ldap_int_select
read1msg: ld 0x5560830f4f60 msgid -1 all 0
ber_get_next
ber_get_next: tag 0x30 len 44 contents:
read1msg: ld 0x5560830f4f60 msgid 2 message type search-entry
ldap_get_dn_ber
ber_scanf fmt ({ml{) ber:
ber_scanf fmt ({xx) ber:
ldap_get_attribute_ber
ldap_msgfree
ldap_result ld 0x5560830f4f60 msgid -1
wait4msg ld 0x5560830f4f60 msgid -1 (infinite timeout)
wait4msg continue ld 0x5560830f4f60 msgid -1 all 0
** ld 0x5560830f4f60 Connections:
* host: ldap.edt.org  port: 636  (default)
  refcnt: 2  status: Connected
  last used: Wed Mar 27 10:45:45 2019


** ld 0x5560830f4f60 Outstanding Requests:
 * msgid 2,  origid 2, status InProgress
   outstanding referrals 0, parent count 0
  ld 0x5560830f4f60 request count 1 (abandoned 0)
** ld 0x5560830f4f60 Response Queue:
   Empty
  ld 0x5560830f4f60 response count 0
ldap_chkResponseList ld 0x5560830f4f60 msgid -1 all 0
ldap_chkResponseList returns ld 0x5560830f4f60 NULL
ldap_int_select
read1msg: ld 0x5560830f4f60 msgid -1 all 0
ber_get_next
ber_get_next: tag 0x30 len 44 contents:
read1msg: ld 0x5560830f4f60 msgid 2 message type search-entry
ldap_get_dn_ber
ber_scanf fmt ({ml{) ber:
ber_scanf fmt ({xx) ber:
ldap_get_attribute_ber
ldap_msgfree
ldap_result ld 0x5560830f4f60 msgid -1
wait4msg ld 0x5560830f4f60 msgid -1 (infinite timeout)
wait4msg continue ld 0x5560830f4f60 msgid -1 all 0
** ld 0x5560830f4f60 Connections:
* host: ldap.edt.org  port: 636  (default)
  refcnt: 2  status: Connected
  last used: Wed Mar 27 10:45:45 2019


** ld 0x5560830f4f60 Outstanding Requests:
 * msgid 2,  origid 2, status InProgress
   outstanding referrals 0, parent count 0
  ld 0x5560830f4f60 request count 1 (abandoned 0)
** ld 0x5560830f4f60 Response Queue:
   Empty
  ld 0x5560830f4f60 response count 0
ldap_chkResponseList ld 0x5560830f4f60 msgid -1 all 0
ldap_chkResponseList returns ld 0x5560830f4f60 NULL
ldap_int_select
read1msg: ld 0x5560830f4f60 msgid -1 all 0
ber_get_next
ber_get_next: tag 0x30 len 44 contents:
read1msg: ld 0x5560830f4f60 msgid 2 message type search-entry
ldap_get_dn_ber
ber_scanf fmt ({ml{) ber:
ber_scanf fmt ({xx) ber:
ldap_get_attribute_ber
ldap_msgfree
ldap_result ld 0x5560830f4f60 msgid -1
wait4msg ld 0x5560830f4f60 msgid -1 (infinite timeout)
wait4msg continue ld 0x5560830f4f60 msgid -1 all 0
** ld 0x5560830f4f60 Connections:
* host: ldap.edt.org  port: 636  (default)
  refcnt: 2  status: Connected
  last used: Wed Mar 27 10:45:45 2019


** ld 0x5560830f4f60 Outstanding Requests:
 * msgid 2,  origid 2, status InProgress
   outstanding referrals 0, parent count 0
  ld 0x5560830f4f60 request count 1 (abandoned 0)
** ld 0x5560830f4f60 Response Queue:
   Empty
  ld 0x5560830f4f60 response count 0
ldap_chkResponseList ld 0x5560830f4f60 msgid -1 all 0
ldap_chkResponseList returns ld 0x5560830f4f60 NULL
ldap_int_select
read1msg: ld 0x5560830f4f60 msgid -1 all 0
ber_get_next
ber_get_next: tag 0x30 len 44 contents:
read1msg: ld 0x5560830f4f60 msgid 2 message type search-entry
ldap_get_dn_ber
ber_scanf fmt ({ml{) ber:
ber_scanf fmt ({xx) ber:
ldap_get_attribute_ber
ldap_msgfree
ldap_result ld 0x5560830f4f60 msgid -1
wait4msg ld 0x5560830f4f60 msgid -1 (infinite timeout)
wait4msg continue ld 0x5560830f4f60 msgid -1 all 0
** ld 0x5560830f4f60 Connections:
* host: ldap.edt.org  port: 636  (default)
  refcnt: 2  status: Connected
  last used: Wed Mar 27 10:45:45 2019


** ld 0x5560830f4f60 Outstanding Requests:
 * msgid 2,  origid 2, status InProgress
   outstanding referrals 0, parent count 0
  ld 0x5560830f4f60 request count 1 (abandoned 0)
** ld 0x5560830f4f60 Response Queue:
   Empty
  ld 0x5560830f4f60 response count 0
ldap_chkResponseList ld 0x5560830f4f60 msgid -1 all 0
ldap_chkResponseList returns ld 0x5560830f4f60 NULL
ldap_int_select
read1msg: ld 0x5560830f4f60 msgid -1 all 0
ber_get_next
ber_get_next: tag 0x30 len 44 contents:
read1msg: ld 0x5560830f4f60 msgid 2 message type search-entry
ldap_get_dn_ber
ber_scanf fmt ({ml{) ber:
ber_scanf fmt ({xx) ber:
ldap_get_attribute_ber
ldap_msgfree
ldap_result ld 0x5560830f4f60 msgid -1
wait4msg ld 0x5560830f4f60 msgid -1 (infinite timeout)
wait4msg continue ld 0x5560830f4f60 msgid -1 all 0
** ld 0x5560830f4f60 Connections:
* host: ldap.edt.org  port: 636  (default)
  refcnt: 2  status: Connected
  last used: Wed Mar 27 10:45:45 2019


** ld 0x5560830f4f60 Outstanding Requests:
 * msgid 2,  origid 2, status InProgress
   outstanding referrals 0, parent count 0
  ld 0x5560830f4f60 request count 1 (abandoned 0)
** ld 0x5560830f4f60 Response Queue:
   Empty
  ld 0x5560830f4f60 response count 0
ldap_chkResponseList ld 0x5560830f4f60 msgid -1 all 0
ldap_chkResponseList returns ld 0x5560830f4f60 NULL
ldap_int_select
read1msg: ld 0x5560830f4f60 msgid -1 all 0
ber_get_next
ber_get_next: tag 0x30 len 44 contents:
read1msg: ld 0x5560830f4f60 msgid 2 message type search-entry
ldap_get_dn_ber
ber_scanf fmt ({ml{) ber:
ber_scanf fmt ({xx) ber:
ldap_get_attribute_ber
ldap_msgfree
ldap_result ld 0x5560830f4f60 msgid -1
wait4msg ld 0x5560830f4f60 msgid -1 (infinite timeout)
wait4msg continue ld 0x5560830f4f60 msgid -1 all 0
** ld 0x5560830f4f60 Connections:
* host: ldap.edt.org  port: 636  (default)
  refcnt: 2  status: Connected
  last used: Wed Mar 27 10:45:45 2019


** ld 0x5560830f4f60 Outstanding Requests:
 * msgid 2,  origid 2, status InProgress
   outstanding referrals 0, parent count 0
  ld 0x5560830f4f60 request count 1 (abandoned 0)
** ld 0x5560830f4f60 Response Queue:
   Empty
  ld 0x5560830f4f60 response count 0
ldap_chkResponseList ld 0x5560830f4f60 msgid -1 all 0
ldap_chkResponseList returns ld 0x5560830f4f60 NULL
ldap_int_select
read1msg: ld 0x5560830f4f60 msgid -1 all 0
ber_get_next
ber_get_next: tag 0x30 len 44 contents:
read1msg: ld 0x5560830f4f60 msgid 2 message type search-entry
ldap_get_dn_ber
ber_scanf fmt ({ml{) ber:
ber_scanf fmt ({xx) ber:
ldap_get_attribute_ber
ldap_msgfree
ldap_result ld 0x5560830f4f60 msgid -1
wait4msg ld 0x5560830f4f60 msgid -1 (infinite timeout)
wait4msg continue ld 0x5560830f4f60 msgid -1 all 0
** ld 0x5560830f4f60 Connections:
* host: ldap.edt.org  port: 636  (default)
  refcnt: 2  status: Connected
  last used: Wed Mar 27 10:45:45 2019


** ld 0x5560830f4f60 Outstanding Requests:
 * msgid 2,  origid 2, status InProgress
   outstanding referrals 0, parent count 0
  ld 0x5560830f4f60 request count 1 (abandoned 0)
** ld 0x5560830f4f60 Response Queue:
   Empty
  ld 0x5560830f4f60 response count 0
ldap_chkResponseList ld 0x5560830f4f60 msgid -1 all 0
ldap_chkResponseList returns ld 0x5560830f4f60 NULL
ldap_int_select
read1msg: ld 0x5560830f4f60 msgid -1 all 0
ber_get_next
ber_get_next: tag 0x30 len 44 contents:
read1msg: ld 0x5560830f4f60 msgid 2 message type search-entry
ldap_get_dn_ber
ber_scanf fmt ({ml{) ber:
ber_scanf fmt ({xx) ber:
ldap_get_attribute_ber
ldap_msgfree
ldap_result ld 0x5560830f4f60 msgid -1
wait4msg ld 0x5560830f4f60 msgid -1 (infinite timeout)
wait4msg continue ld 0x5560830f4f60 msgid -1 all 0
** ld 0x5560830f4f60 Connections:
* host: ldap.edt.org  port: 636  (default)
  refcnt: 2  status: Connected
  last used: Wed Mar 27 10:45:45 2019


** ld 0x5560830f4f60 Outstanding Requests:
 * msgid 2,  origid 2, status InProgress
   outstanding referrals 0, parent count 0
  ld 0x5560830f4f60 request count 1 (abandoned 0)
** ld 0x5560830f4f60 Response Queue:
   Empty
  ld 0x5560830f4f60 response count 0
ldap_chkResponseList ld 0x5560830f4f60 msgid -1 all 0
ldap_chkResponseList returns ld 0x5560830f4f60 NULL
ldap_int_select
read1msg: ld 0x5560830f4f60 msgid -1 all 0
ber_get_next
ber_get_next: tag 0x30 len 44 contents:
read1msg: ld 0x5560830f4f60 msgid 2 message type search-entry
ldap_get_dn_ber
ber_scanf fmt ({ml{) ber:
ber_scanf fmt ({xx) ber:
ldap_get_attribute_ber
ldap_msgfree
ldap_result ld 0x5560830f4f60 msgid -1
wait4msg ld 0x5560830f4f60 msgid -1 (infinite timeout)
wait4msg continue ld 0x5560830f4f60 msgid -1 all 0
** ld 0x5560830f4f60 Connections:
* host: ldap.edt.org  port: 636  (default)
  refcnt: 2  status: Connected
  last used: Wed Mar 27 10:45:45 2019


** ld 0x5560830f4f60 Outstanding Requests:
 * msgid 2,  origid 2, status InProgress
   outstanding referrals 0, parent count 0
  ld 0x5560830f4f60 request count 1 (abandoned 0)
** ld 0x5560830f4f60 Response Queue:
   Empty
  ld 0x5560830f4f60 response count 0
ldap_chkResponseList ld 0x5560830f4f60 msgid -1 all 0
ldap_chkResponseList returns ld 0x5560830f4f60 NULL
ldap_int_select
read1msg: ld 0x5560830f4f60 msgid -1 all 0
ber_get_next
ber_get_next: tag 0x30 len 48 contents:
read1msg: ld 0x5560830f4f60 msgid 2 message type search-entry
ldap_get_dn_ber
ber_scanf fmt ({ml{) ber:
ber_scanf fmt ({xx) ber:
ldap_get_attribute_ber
ldap_msgfree
ldap_result ld 0x5560830f4f60 msgid -1
wait4msg ld 0x5560830f4f60 msgid -1 (infinite timeout)
wait4msg continue ld 0x5560830f4f60 msgid -1 all 0
** ld 0x5560830f4f60 Connections:
* host: ldap.edt.org  port: 636  (default)
  refcnt: 2  status: Connected
  last used: Wed Mar 27 10:45:45 2019


** ld 0x5560830f4f60 Outstanding Requests:
 * msgid 2,  origid 2, status InProgress
   outstanding referrals 0, parent count 0
  ld 0x5560830f4f60 request count 1 (abandoned 0)
** ld 0x5560830f4f60 Response Queue:
   Empty
  ld 0x5560830f4f60 response count 0
ldap_chkResponseList ld 0x5560830f4f60 msgid -1 all 0
ldap_chkResponseList returns ld 0x5560830f4f60 NULL
ldap_int_select
read1msg: ld 0x5560830f4f60 msgid -1 all 0
ber_get_next
ber_get_next: tag 0x30 len 47 contents:
read1msg: ld 0x5560830f4f60 msgid 2 message type search-entry
ldap_get_dn_ber
ber_scanf fmt ({ml{) ber:
ber_scanf fmt ({xx) ber:
ldap_get_attribute_ber
ldap_msgfree
ldap_result ld 0x5560830f4f60 msgid -1
wait4msg ld 0x5560830f4f60 msgid -1 (infinite timeout)
wait4msg continue ld 0x5560830f4f60 msgid -1 all 0
** ld 0x5560830f4f60 Connections:
* host: ldap.edt.org  port: 636  (default)
  refcnt: 2  status: Connected
  last used: Wed Mar 27 10:45:45 2019


** ld 0x5560830f4f60 Outstanding Requests:
 * msgid 2,  origid 2, status InProgress
   outstanding referrals 0, parent count 0
  ld 0x5560830f4f60 request count 1 (abandoned 0)
** ld 0x5560830f4f60 Response Queue:
   Empty
  ld 0x5560830f4f60 response count 0
ldap_chkResponseList ld 0x5560830f4f60 msgid -1 all 0
ldap_chkResponseList returns ld 0x5560830f4f60 NULL
ldap_int_select
read1msg: ld 0x5560830f4f60 msgid -1 all 0
ber_get_next
ber_get_next: tag 0x30 len 53 contents:
read1msg: ld 0x5560830f4f60 msgid 2 message type search-entry
ldap_get_dn_ber
ber_scanf fmt ({ml{) ber:
ber_scanf fmt ({xx) ber:
ldap_get_attribute_ber
ldap_msgfree
ldap_result ld 0x5560830f4f60 msgid -1
wait4msg ld 0x5560830f4f60 msgid -1 (infinite timeout)
wait4msg continue ld 0x5560830f4f60 msgid -1 all 0
** ld 0x5560830f4f60 Connections:
* host: ldap.edt.org  port: 636  (default)
  refcnt: 2  status: Connected
  last used: Wed Mar 27 10:45:45 2019


** ld 0x5560830f4f60 Outstanding Requests:
 * msgid 2,  origid 2, status InProgress
   outstanding referrals 0, parent count 0
  ld 0x5560830f4f60 request count 1 (abandoned 0)
** ld 0x5560830f4f60 Response Queue:
   Empty
  ld 0x5560830f4f60 response count 0
ldap_chkResponseList ld 0x5560830f4f60 msgid -1 all 0
ldap_chkResponseList returns ld 0x5560830f4f60 NULL
ldap_int_select
read1msg: ld 0x5560830f4f60 msgid -1 all 0
ber_get_next
ber_get_next: tag 0x30 len 53 contents:
read1msg: ld 0x5560830f4f60 msgid 2 message type search-entry
ldap_get_dn_ber
ber_scanf fmt ({ml{) ber:
ber_scanf fmt ({xx) ber:
ldap_get_attribute_ber
ldap_msgfree
ldap_result ld 0x5560830f4f60 msgid -1
wait4msg ld 0x5560830f4f60 msgid -1 (infinite timeout)
wait4msg continue ld 0x5560830f4f60 msgid -1 all 0
** ld 0x5560830f4f60 Connections:
* host: ldap.edt.org  port: 636  (default)
  refcnt: 2  status: Connected
  last used: Wed Mar 27 10:45:45 2019


** ld 0x5560830f4f60 Outstanding Requests:
 * msgid 2,  origid 2, status InProgress
   outstanding referrals 0, parent count 0
  ld 0x5560830f4f60 request count 1 (abandoned 0)
** ld 0x5560830f4f60 Response Queue:
   Empty
  ld 0x5560830f4f60 response count 0
ldap_chkResponseList ld 0x5560830f4f60 msgid -1 all 0
ldap_chkResponseList returns ld 0x5560830f4f60 NULL
ldap_int_select
read1msg: ld 0x5560830f4f60 msgid -1 all 0
ber_get_next
ber_get_next: tag 0x30 len 53 contents:
read1msg: ld 0x5560830f4f60 msgid 2 message type search-entry
ldap_get_dn_ber
ber_scanf fmt ({ml{) ber:
ber_scanf fmt ({xx) ber:
ldap_get_attribute_ber
ldap_msgfree
ldap_result ld 0x5560830f4f60 msgid -1
wait4msg ld 0x5560830f4f60 msgid -1 (infinite timeout)
wait4msg continue ld 0x5560830f4f60 msgid -1 all 0
** ld 0x5560830f4f60 Connections:
* host: ldap.edt.org  port: 636  (default)
  refcnt: 2  status: Connected
  last used: Wed Mar 27 10:45:45 2019


** ld 0x5560830f4f60 Outstanding Requests:
 * msgid 2,  origid 2, status InProgress
   outstanding referrals 0, parent count 0
  ld 0x5560830f4f60 request count 1 (abandoned 0)
** ld 0x5560830f4f60 Response Queue:
   Empty
  ld 0x5560830f4f60 response count 0
ldap_chkResponseList ld 0x5560830f4f60 msgid -1 all 0
ldap_chkResponseList returns ld 0x5560830f4f60 NULL
ldap_int_select
read1msg: ld 0x5560830f4f60 msgid -1 all 0
ber_get_next
ber_get_next: tag 0x30 len 50 contents:
read1msg: ld 0x5560830f4f60 msgid 2 message type search-entry
ldap_get_dn_ber
ber_scanf fmt ({ml{) ber:
ber_scanf fmt ({xx) ber:
ldap_get_attribute_ber
ldap_msgfree
ldap_result ld 0x5560830f4f60 msgid -1
wait4msg ld 0x5560830f4f60 msgid -1 (infinite timeout)
wait4msg continue ld 0x5560830f4f60 msgid -1 all 0
** ld 0x5560830f4f60 Connections:
* host: ldap.edt.org  port: 636  (default)
  refcnt: 2  status: Connected
  last used: Wed Mar 27 10:45:45 2019


** ld 0x5560830f4f60 Outstanding Requests:
 * msgid 2,  origid 2, status InProgress
   outstanding referrals 0, parent count 0
  ld 0x5560830f4f60 request count 1 (abandoned 0)
** ld 0x5560830f4f60 Response Queue:
   Empty
  ld 0x5560830f4f60 response count 0
ldap_chkResponseList ld 0x5560830f4f60 msgid -1 all 0
ldap_chkResponseList returns ld 0x5560830f4f60 NULL
ldap_int_select
read1msg: ld 0x5560830f4f60 msgid -1 all 0
ber_get_next
ber_get_next: tag 0x30 len 58 contents:
read1msg: ld 0x5560830f4f60 msgid 2 message type search-entry
ldap_get_dn_ber
ber_scanf fmt ({ml{) ber:
ber_scanf fmt ({xx) ber:
ldap_get_attribute_ber
ldap_msgfree
ldap_result ld 0x5560830f4f60 msgid -1
wait4msg ld 0x5560830f4f60 msgid -1 (infinite timeout)
wait4msg continue ld 0x5560830f4f60 msgid -1 all 0
** ld 0x5560830f4f60 Connections:
* host: ldap.edt.org  port: 636  (default)
  refcnt: 2  status: Connected
  last used: Wed Mar 27 10:45:45 2019


** ld 0x5560830f4f60 Outstanding Requests:
 * msgid 2,  origid 2, status InProgress
   outstanding referrals 0, parent count 0
  ld 0x5560830f4f60 request count 1 (abandoned 0)
** ld 0x5560830f4f60 Response Queue:
   Empty
  ld 0x5560830f4f60 response count 0
ldap_chkResponseList ld 0x5560830f4f60 msgid -1 all 0
ldap_chkResponseList returns ld 0x5560830f4f60 NULL
ldap_int_select
read1msg: ld 0x5560830f4f60 msgid -1 all 0
ber_get_next
ber_get_next: tag 0x30 len 60 contents:
read1msg: ld 0x5560830f4f60 msgid 2 message type search-entry
ldap_get_dn_ber
ber_scanf fmt ({ml{) ber:
ber_scanf fmt ({xx) ber:
ldap_get_attribute_ber
ldap_msgfree
ldap_result ld 0x5560830f4f60 msgid -1
wait4msg ld 0x5560830f4f60 msgid -1 (infinite timeout)
wait4msg continue ld 0x5560830f4f60 msgid -1 all 0
** ld 0x5560830f4f60 Connections:
* host: ldap.edt.org  port: 636  (default)
  refcnt: 2  status: Connected
  last used: Wed Mar 27 10:45:45 2019


** ld 0x5560830f4f60 Outstanding Requests:
 * msgid 2,  origid 2, status InProgress
   outstanding referrals 0, parent count 0
  ld 0x5560830f4f60 request count 1 (abandoned 0)
** ld 0x5560830f4f60 Response Queue:
   Empty
  ld 0x5560830f4f60 response count 0
ldap_chkResponseList ld 0x5560830f4f60 msgid -1 all 0
ldap_chkResponseList returns ld 0x5560830f4f60 NULL
ldap_int_select
read1msg: ld 0x5560830f4f60 msgid -1 all 0
ber_get_next
ber_get_next: tag 0x30 len 58 contents:
read1msg: ld 0x5560830f4f60 msgid 2 message type search-entry
ldap_get_dn_ber
ber_scanf fmt ({ml{) ber:
ber_scanf fmt ({xx) ber:
ldap_get_attribute_ber
ldap_msgfree
ldap_result ld 0x5560830f4f60 msgid -1
wait4msg ld 0x5560830f4f60 msgid -1 (infinite timeout)
wait4msg continue ld 0x5560830f4f60 msgid -1 all 0
** ld 0x5560830f4f60 Connections:
* host: ldap.edt.org  port: 636  (default)
  refcnt: 2  status: Connected
  last used: Wed Mar 27 10:45:45 2019


** ld 0x5560830f4f60 Outstanding Requests:
 * msgid 2,  origid 2, status InProgress
   outstanding referrals 0, parent count 0
  ld 0x5560830f4f60 request count 1 (abandoned 0)
** ld 0x5560830f4f60 Response Queue:
   Empty
  ld 0x5560830f4f60 response count 0
ldap_chkResponseList ld 0x5560830f4f60 msgid -1 all 0
ldap_chkResponseList returns ld 0x5560830f4f60 NULL
ldap_int_select
read1msg: ld 0x5560830f4f60 msgid -1 all 0
ber_get_next
ber_get_next: tag 0x30 len 64 contents:
read1msg: ld 0x5560830f4f60 msgid 2 message type search-entry
ldap_get_dn_ber
ber_scanf fmt ({ml{) ber:
ber_scanf fmt ({xx) ber:
ldap_get_attribute_ber
ldap_msgfree
ldap_result ld 0x5560830f4f60 msgid -1
wait4msg ld 0x5560830f4f60 msgid -1 (infinite timeout)
wait4msg continue ld 0x5560830f4f60 msgid -1 all 0
** ld 0x5560830f4f60 Connections:
* host: ldap.edt.org  port: 636  (default)
  refcnt: 2  status: Connected
  last used: Wed Mar 27 10:45:45 2019


** ld 0x5560830f4f60 Outstanding Requests:
 * msgid 2,  origid 2, status InProgress
   outstanding referrals 0, parent count 0
  ld 0x5560830f4f60 request count 1 (abandoned 0)
** ld 0x5560830f4f60 Response Queue:
   Empty
  ld 0x5560830f4f60 response count 0
ldap_chkResponseList ld 0x5560830f4f60 msgid -1 all 0
ldap_chkResponseList returns ld 0x5560830f4f60 NULL
ldap_int_select
read1msg: ld 0x5560830f4f60 msgid -1 all 0
ber_get_next
ber_get_next: tag 0x30 len 63 contents:
read1msg: ld 0x5560830f4f60 msgid 2 message type search-entry
ldap_get_dn_ber
ber_scanf fmt ({ml{) ber:
ber_scanf fmt ({xx) ber:
ldap_get_attribute_ber
ldap_msgfree
ldap_result ld 0x5560830f4f60 msgid -1
wait4msg ld 0x5560830f4f60 msgid -1 (infinite timeout)
wait4msg continue ld 0x5560830f4f60 msgid -1 all 0
** ld 0x5560830f4f60 Connections:
* host: ldap.edt.org  port: 636  (default)
  refcnt: 2  status: Connected
  last used: Wed Mar 27 10:45:45 2019


** ld 0x5560830f4f60 Outstanding Requests:
 * msgid 2,  origid 2, status InProgress
   outstanding referrals 0, parent count 0
  ld 0x5560830f4f60 request count 1 (abandoned 0)
** ld 0x5560830f4f60 Response Queue:
   Empty
  ld 0x5560830f4f60 response count 0
ldap_chkResponseList ld 0x5560830f4f60 msgid -1 all 0
ldap_chkResponseList returns ld 0x5560830f4f60 NULL
ldap_int_select
read1msg: ld 0x5560830f4f60 msgid -1 all 0
ber_get_next
ber_get_next: tag 0x30 len 60 contents:
read1msg: ld 0x5560830f4f60 msgid 2 message type search-entry
ldap_get_dn_ber
ber_scanf fmt ({ml{) ber:
ber_scanf fmt ({xx) ber:
ldap_get_attribute_ber
ldap_msgfree
ldap_result ld 0x5560830f4f60 msgid -1
wait4msg ld 0x5560830f4f60 msgid -1 (infinite timeout)
wait4msg continue ld 0x5560830f4f60 msgid -1 all 0
** ld 0x5560830f4f60 Connections:
* host: ldap.edt.org  port: 636  (default)
  refcnt: 2  status: Connected
  last used: Wed Mar 27 10:45:45 2019


** ld 0x5560830f4f60 Outstanding Requests:
 * msgid 2,  origid 2, status InProgress
   outstanding referrals 0, parent count 0
  ld 0x5560830f4f60 request count 1 (abandoned 0)
** ld 0x5560830f4f60 Response Queue:
   Empty
  ld 0x5560830f4f60 response count 0
ldap_chkResponseList ld 0x5560830f4f60 msgid -1 all 0
ldap_chkResponseList returns ld 0x5560830f4f60 NULL
ldap_int_select
read1msg: ld 0x5560830f4f60 msgid -1 all 0
ber_get_next
ber_get_next: tag 0x30 len 31 contents:
read1msg: ld 0x5560830f4f60 msgid 2 message type search-entry
ldap_get_dn_ber
ber_scanf fmt ({ml{) ber:
ber_scanf fmt ({xx) ber:
ldap_get_attribute_ber
ldap_msgfree
ldap_result ld 0x5560830f4f60 msgid -1
wait4msg ld 0x5560830f4f60 msgid -1 (infinite timeout)
wait4msg continue ld 0x5560830f4f60 msgid -1 all 0
** ld 0x5560830f4f60 Connections:
* host: ldap.edt.org  port: 636  (default)
  refcnt: 2  status: Connected
  last used: Wed Mar 27 10:45:45 2019


** ld 0x5560830f4f60 Outstanding Requests:
 * msgid 2,  origid 2, status InProgress
   outstanding referrals 0, parent count 0
  ld 0x5560830f4f60 request count 1 (abandoned 0)
** ld 0x5560830f4f60 Response Queue:
   Empty
  ld 0x5560830f4f60 response count 0
ldap_chkResponseList ld 0x5560830f4f60 msgid -1 all 0
ldap_chkResponseList returns ld 0x5560830f4f60 NULL
ldap_int_select
read1msg: ld 0x5560830f4f60 msgid -1 all 0
ber_get_next
ber_get_next: tag 0x30 len 38 contents:
read1msg: ld 0x5560830f4f60 msgid 2 message type search-entry
ldap_get_dn_ber
ber_scanf fmt ({ml{) ber:
ber_scanf fmt ({xx) ber:
ldap_get_attribute_ber
ldap_msgfree
ldap_result ld 0x5560830f4f60 msgid -1
wait4msg ld 0x5560830f4f60 msgid -1 (infinite timeout)
wait4msg continue ld 0x5560830f4f60 msgid -1 all 0
** ld 0x5560830f4f60 Connections:
* host: ldap.edt.org  port: 636  (default)
  refcnt: 2  status: Connected
  last used: Wed Mar 27 10:45:45 2019


** ld 0x5560830f4f60 Outstanding Requests:
 * msgid 2,  origid 2, status InProgress
   outstanding referrals 0, parent count 0
  ld 0x5560830f4f60 request count 1 (abandoned 0)
** ld 0x5560830f4f60 Response Queue:
   Empty
  ld 0x5560830f4f60 response count 0
ldap_chkResponseList ld 0x5560830f4f60 msgid -1 all 0
ldap_chkResponseList returns ld 0x5560830f4f60 NULL
ldap_int_select
read1msg: ld 0x5560830f4f60 msgid -1 all 0
ber_get_next
ber_get_next: tag 0x30 len 40 contents:
read1msg: ld 0x5560830f4f60 msgid 2 message type search-entry
ldap_get_dn_ber
ber_scanf fmt ({ml{) ber:
ber_scanf fmt ({xx) ber:
ldap_get_attribute_ber
ldap_msgfree
ldap_result ld 0x5560830f4f60 msgid -1
wait4msg ld 0x5560830f4f60 msgid -1 (infinite timeout)
wait4msg continue ld 0x5560830f4f60 msgid -1 all 0
** ld 0x5560830f4f60 Connections:
* host: ldap.edt.org  port: 636  (default)
  refcnt: 2  status: Connected
  last used: Wed Mar 27 10:45:45 2019


** ld 0x5560830f4f60 Outstanding Requests:
 * msgid 2,  origid 2, status InProgress
   outstanding referrals 0, parent count 0
  ld 0x5560830f4f60 request count 1 (abandoned 0)
** ld 0x5560830f4f60 Response Queue:
   Empty
  ld 0x5560830f4f60 response count 0
ldap_chkResponseList ld 0x5560830f4f60 msgid -1 all 0
ldap_chkResponseList returns ld 0x5560830f4f60 NULL
ldap_int_select
read1msg: ld 0x5560830f4f60 msgid -1 all 0
ber_get_next
ber_get_next: tag 0x30 len 42 contents:
read1msg: ld 0x5560830f4f60 msgid 2 message type search-entry
ldap_get_dn_ber
ber_scanf fmt ({ml{) ber:
ber_scanf fmt ({xx) ber:
ldap_get_attribute_ber
ldap_msgfree
ldap_result ld 0x5560830f4f60 msgid -1
wait4msg ld 0x5560830f4f60 msgid -1 (infinite timeout)
wait4msg continue ld 0x5560830f4f60 msgid -1 all 0
** ld 0x5560830f4f60 Connections:
* host: ldap.edt.org  port: 636  (default)
  refcnt: 2  status: Connected
  last used: Wed Mar 27 10:45:45 2019


** ld 0x5560830f4f60 Outstanding Requests:
 * msgid 2,  origid 2, status InProgress
   outstanding referrals 0, parent count 0
  ld 0x5560830f4f60 request count 1 (abandoned 0)
** ld 0x5560830f4f60 Response Queue:
   Empty
  ld 0x5560830f4f60 response count 0
ldap_chkResponseList ld 0x5560830f4f60 msgid -1 all 0
ldap_chkResponseList returns ld 0x5560830f4f60 NULL
ldap_int_select
read1msg: ld 0x5560830f4f60 msgid -1 all 0
ber_get_next
ber_get_next: tag 0x30 len 41 contents:
read1msg: ld 0x5560830f4f60 msgid 2 message type search-entry
ldap_get_dn_ber
ber_scanf fmt ({ml{) ber:
ber_scanf fmt ({xx) ber:
ldap_get_attribute_ber
ldap_msgfree
ldap_result ld 0x5560830f4f60 msgid -1
wait4msg ld 0x5560830f4f60 msgid -1 (infinite timeout)
wait4msg continue ld 0x5560830f4f60 msgid -1 all 0
** ld 0x5560830f4f60 Connections:
* host: ldap.edt.org  port: 636  (default)
  refcnt: 2  status: Connected
  last used: Wed Mar 27 10:45:45 2019


** ld 0x5560830f4f60 Outstanding Requests:
 * msgid 2,  origid 2, status InProgress
   outstanding referrals 0, parent count 0
  ld 0x5560830f4f60 request count 1 (abandoned 0)
** ld 0x5560830f4f60 Response Queue:
   Empty
  ld 0x5560830f4f60 response count 0
ldap_chkResponseList ld 0x5560830f4f60 msgid -1 all 0
ldap_chkResponseList returns ld 0x5560830f4f60 NULL
ldap_int_select
read1msg: ld 0x5560830f4f60 msgid -1 all 0
ber_get_next
ber_get_next: tag 0x30 len 40 contents:
read1msg: ld 0x5560830f4f60 msgid 2 message type search-entry
ldap_get_dn_ber
ber_scanf fmt ({ml{) ber:
ber_scanf fmt ({xx) ber:
ldap_get_attribute_ber
ldap_msgfree
ldap_result ld 0x5560830f4f60 msgid -1
wait4msg ld 0x5560830f4f60 msgid -1 (infinite timeout)
wait4msg continue ld 0x5560830f4f60 msgid -1 all 0
** ld 0x5560830f4f60 Connections:
* host: ldap.edt.org  port: 636  (default)
  refcnt: 2  status: Connected
  last used: Wed Mar 27 10:45:45 2019


** ld 0x5560830f4f60 Outstanding Requests:
 * msgid 2,  origid 2, status InProgress
   outstanding referrals 0, parent count 0
  ld 0x5560830f4f60 request count 1 (abandoned 0)
** ld 0x5560830f4f60 Response Queue:
   Empty
  ld 0x5560830f4f60 response count 0
ldap_chkResponseList ld 0x5560830f4f60 msgid -1 all 0
ldap_chkResponseList returns ld 0x5560830f4f60 NULL
ldap_int_select
read1msg: ld 0x5560830f4f60 msgid -1 all 0
ber_get_next
ber_get_next: tag 0x30 len 40 contents:
read1msg: ld 0x5560830f4f60 msgid 2 message type search-entry
ldap_get_dn_ber
ber_scanf fmt ({ml{) ber:
ber_scanf fmt ({xx) ber:
ldap_get_attribute_ber
ldap_msgfree
ldap_result ld 0x5560830f4f60 msgid -1
wait4msg ld 0x5560830f4f60 msgid -1 (infinite timeout)
wait4msg continue ld 0x5560830f4f60 msgid -1 all 0
** ld 0x5560830f4f60 Connections:
* host: ldap.edt.org  port: 636  (default)
  refcnt: 2  status: Connected
  last used: Wed Mar 27 10:45:45 2019


** ld 0x5560830f4f60 Outstanding Requests:
 * msgid 2,  origid 2, status InProgress
   outstanding referrals 0, parent count 0
  ld 0x5560830f4f60 request count 1 (abandoned 0)
** ld 0x5560830f4f60 Response Queue:
   Empty
  ld 0x5560830f4f60 response count 0
ldap_chkResponseList ld 0x5560830f4f60 msgid -1 all 0
ldap_chkResponseList returns ld 0x5560830f4f60 NULL
ldap_int_select
read1msg: ld 0x5560830f4f60 msgid -1 all 0
ber_get_next
ber_get_next: tag 0x30 len 40 contents:
read1msg: ld 0x5560830f4f60 msgid 2 message type search-entry
ldap_get_dn_ber
ber_scanf fmt ({ml{) ber:
ber_scanf fmt ({xx) ber:
ldap_get_attribute_ber
ldap_msgfree
ldap_result ld 0x5560830f4f60 msgid -1
wait4msg ld 0x5560830f4f60 msgid -1 (infinite timeout)
wait4msg continue ld 0x5560830f4f60 msgid -1 all 0
** ld 0x5560830f4f60 Connections:
* host: ldap.edt.org  port: 636  (default)
  refcnt: 2  status: Connected
  last used: Wed Mar 27 10:45:45 2019


** ld 0x5560830f4f60 Outstanding Requests:
 * msgid 2,  origid 2, status InProgress
   outstanding referrals 0, parent count 0
  ld 0x5560830f4f60 request count 1 (abandoned 0)
** ld 0x5560830f4f60 Response Queue:
   Empty
  ld 0x5560830f4f60 response count 0
ldap_chkResponseList ld 0x5560830f4f60 msgid -1 all 0
ldap_chkResponseList returns ld 0x5560830f4f60 NULL
ldap_int_select
read1msg: ld 0x5560830f4f60 msgid -1 all 0
ber_get_next
ber_get_next: tag 0x30 len 40 contents:
read1msg: ld 0x5560830f4f60 msgid 2 message type search-entry
ldap_get_dn_ber
ber_scanf fmt ({ml{) ber:
ber_scanf fmt ({xx) ber:
ldap_get_attribute_ber
ldap_msgfree
ldap_result ld 0x5560830f4f60 msgid -1
wait4msg ld 0x5560830f4f60 msgid -1 (infinite timeout)
wait4msg continue ld 0x5560830f4f60 msgid -1 all 0
** ld 0x5560830f4f60 Connections:
* host: ldap.edt.org  port: 636  (default)
  refcnt: 2  status: Connected
  last used: Wed Mar 27 10:45:45 2019


** ld 0x5560830f4f60 Outstanding Requests:
 * msgid 2,  origid 2, status InProgress
   outstanding referrals 0, parent count 0
  ld 0x5560830f4f60 request count 1 (abandoned 0)
** ld 0x5560830f4f60 Response Queue:
   Empty
  ld 0x5560830f4f60 response count 0
ldap_chkResponseList ld 0x5560830f4f60 msgid -1 all 0
ldap_chkResponseList returns ld 0x5560830f4f60 NULL
ldap_int_select
read1msg: ld 0x5560830f4f60 msgid -1 all 0
ber_get_next
ber_get_next: tag 0x30 len 12 contents:
read1msg: ld 0x5560830f4f60 msgid 2 message type search-result
ber_scanf fmt ({eAA) ber:
read1msg: ld 0x5560830f4f60 0 new referrals
read1msg:  mark request completed, ld 0x5560830f4f60 msgid 2
request done: ld 0x5560830f4f60 msgid 2
res_errno: 0, res_error: <>, res_matched: <>
ldap_free_request (origid 2, msgid 2)
ldap_parse_result
ber_scanf fmt ({iAA) ber:
ber_scanf fmt (}) ber:
ldap_msgfree
ldap_free_connection 1 1
ldap_send_unbind
ber_flush2: 7 bytes to sd 3
ldap_free_connection: actually freed
